running egg_info
creating ../../build/turtle/turtle.egg-info
writing ../../build/turtle/turtle.egg-info/PKG-INFO
writing dependency_links to ../../build/turtle/turtle.egg-info/dependency_links.txt
writing entry points to ../../build/turtle/turtle.egg-info/entry_points.txt
writing requirements to ../../build/turtle/turtle.egg-info/requires.txt
writing top-level names to ../../build/turtle/turtle.egg-info/top_level.txt
writing manifest file '../../build/turtle/turtle.egg-info/SOURCES.txt'
reading manifest file '../../build/turtle/turtle.egg-info/SOURCES.txt'
adding license file 'LICENSE'
writing manifest file '../../build/turtle/turtle.egg-info/SOURCES.txt'
running build
running build_py
creating /home/antonio/Desktop/ros_turtlesim/build/turtle/build
creating /home/antonio/Desktop/ros_turtlesim/build/turtle/build/lib
creating /home/antonio/Desktop/ros_turtlesim/build/turtle/build/lib/turtle
copying turtle/turtle.py -> /home/antonio/Desktop/ros_turtlesim/build/turtle/build/lib/turtle
copying turtle/__init__.py -> /home/antonio/Desktop/ros_turtlesim/build/turtle/build/lib/turtle
copying turtle/py.typed -> /home/antonio/Desktop/ros_turtlesim/build/turtle/build/lib/turtle
running install
running install_lib
creating /home/antonio/Desktop/ros_turtlesim/install/turtle/lib/python3.12/site-packages/turtle
copying /home/antonio/Desktop/ros_turtlesim/build/turtle/build/lib/turtle/turtle.py -> /home/antonio/Desktop/ros_turtlesim/install/turtle/lib/python3.12/site-packages/turtle
copying /home/antonio/Desktop/ros_turtlesim/build/turtle/build/lib/turtle/py.typed -> /home/antonio/Desktop/ros_turtlesim/install/turtle/lib/python3.12/site-packages/turtle
copying /home/antonio/Desktop/ros_turtlesim/build/turtle/build/lib/turtle/__init__.py -> /home/antonio/Desktop/ros_turtlesim/install/turtle/lib/python3.12/site-packages/turtle
byte-compiling /home/antonio/Desktop/ros_turtlesim/install/turtle/lib/python3.12/site-packages/turtle/turtle.py to turtle.cpython-312.pyc
byte-compiling /home/antonio/Desktop/ros_turtlesim/install/turtle/lib/python3.12/site-packages/turtle/__init__.py to __init__.cpython-312.pyc
running install_data
creating /home/antonio/Desktop/ros_turtlesim/install/turtle/share/ament_index
creating /home/antonio/Desktop/ros_turtlesim/install/turtle/share/ament_index/resource_index
creating /home/antonio/Desktop/ros_turtlesim/install/turtle/share/ament_index/resource_index/packages
copying resource/turtle -> /home/antonio/Desktop/ros_turtlesim/install/turtle/share/ament_index/resource_index/packages
copying package.xml -> /home/antonio/Desktop/ros_turtlesim/install/turtle/share/turtle
running install_egg_info
Copying ../../build/turtle/turtle.egg-info to /home/antonio/Desktop/ros_turtlesim/install/turtle/lib/python3.12/site-packages/turtle-0.0.0-py3.12.egg-info
running install_scripts
Installing circle_node script to /home/antonio/Desktop/ros_turtlesim/install/turtle/lib/turtle
writing list of installed files to '/home/antonio/Desktop/ros_turtlesim/build/turtle/install.log'
