[1.084s] Invoking command in '/home/antonio/Desktop/ros_turtlesim/src/turtle': DEBUGINFOD_URLS=https://debuginfod.ubuntu.com PYTHONPATH=/home/antonio/Desktop/ros_turtlesim/build/turtle/prefix_override:/usr/lib/python3/dist-packages/colcon_core/task/python/colcon_distutils_commands:/home/antonio/Desktop/ros_turtlesim/install/turtle/lib/python3.12/site-packages:${PYTHONPATH} /usr/bin/python3 -W ignore:setup.py install is deprecated -W ignore:easy_install command is deprecated setup.py egg_info --egg-base ../../build/turtle build --build-base /home/antonio/Desktop/ros_turtlesim/build/turtle/build install --record /home/antonio/Desktop/ros_turtlesim/build/turtle/install.log --single-version-externally-managed install_data
[1.462s] running egg_info
[1.483s] writing ../../build/turtle/turtle.egg-info/PKG-INFO
[1.484s] writing dependency_links to ../../build/turtle/turtle.egg-info/dependency_links.txt
[1.484s] writing entry points to ../../build/turtle/turtle.egg-info/entry_points.txt
[1.485s] writing requirements to ../../build/turtle/turtle.egg-info/requires.txt
[1.486s] writing top-level names to ../../build/turtle/turtle.egg-info/top_level.txt
[1.529s] reading manifest file '../../build/turtle/turtle.egg-info/SOURCES.txt'
[1.529s] adding license file 'LICENSE'
[1.529s] writing manifest file '../../build/turtle/turtle.egg-info/SOURCES.txt'
[1.529s] running build
[1.529s] running build_py
[1.529s] copying turtle/turtle.py -> /home/antonio/Desktop/ros_turtlesim/build/turtle/build/lib/turtle
[1.530s] running install
[1.538s] running install_lib
[1.558s] copying /home/antonio/Desktop/ros_turtlesim/build/turtle/build/lib/turtle/turtle.py -> /home/antonio/Desktop/ros_turtlesim/install/turtle/lib/python3.12/site-packages/turtle
[1.559s] byte-compiling /home/antonio/Desktop/ros_turtlesim/install/turtle/lib/python3.12/site-packages/turtle/turtle.py to turtle.cpython-312.pyc
[1.561s] running install_data
[1.561s] running install_egg_info
[1.581s] removing '/home/antonio/Desktop/ros_turtlesim/install/turtle/lib/python3.12/site-packages/turtle-0.0.0-py3.12.egg-info' (and everything under it)
[1.583s] Copying ../../build/turtle/turtle.egg-info to /home/antonio/Desktop/ros_turtlesim/install/turtle/lib/python3.12/site-packages/turtle-0.0.0-py3.12.egg-info
[1.583s] running install_scripts
[1.727s] Installing turtle_draw script to /home/antonio/Desktop/ros_turtlesim/install/turtle/lib/turtle
[1.729s] writing list of installed files to '/home/antonio/Desktop/ros_turtlesim/build/turtle/install.log'
[1.785s] Invoked command in '/home/antonio/Desktop/ros_turtlesim/src/turtle' returned '0': DEBUGINFOD_URLS=https://debuginfod.ubuntu.com PYTHONPATH=/home/antonio/Desktop/ros_turtlesim/build/turtle/prefix_override:/usr/lib/python3/dist-packages/colcon_core/task/python/colcon_distutils_commands:/home/antonio/Desktop/ros_turtlesim/install/turtle/lib/python3.12/site-packages:${PYTHONPATH} /usr/bin/python3 -W ignore:setup.py install is deprecated -W ignore:easy_install command is deprecated setup.py egg_info --egg-base ../../build/turtle build --build-base /home/antonio/Desktop/ros_turtlesim/build/turtle/build install --record /home/antonio/Desktop/ros_turtlesim/build/turtle/install.log --single-version-externally-managed install_data
