[1.235s] Invoking command in '/home/antonio/Desktop/ros_turtlesim/src/turtle': DEBUGINFOD_URLS=https://debuginfod.ubuntu.com PYTHONPATH=/home/antonio/Desktop/ros_turtlesim/build/turtle/prefix_override:/usr/lib/python3/dist-packages/colcon_core/task/python/colcon_distutils_commands:/home/antonio/Desktop/ros_turtlesim/install/turtle/lib/python3.12/site-packages:${PYTHONPATH} /usr/bin/python3 -W ignore:setup.py install is deprecated -W ignore:easy_install command is deprecated setup.py egg_info --egg-base ../../build/turtle build --build-base /home/antonio/Desktop/ros_turtlesim/build/turtle/build install --record /home/antonio/Desktop/ros_turtlesim/build/turtle/install.log --single-version-externally-managed install_data
[1.687s] running egg_info
[1.707s] writing ../../build/turtle/turtle.egg-info/PKG-INFO
[1.708s] writing dependency_links to ../../build/turtle/turtle.egg-info/dependency_links.txt
[1.708s] writing entry points to ../../build/turtle/turtle.egg-info/entry_points.txt
[1.709s] writing requirements to ../../build/turtle/turtle.egg-info/requires.txt
[1.709s] writing top-level names to ../../build/turtle/turtle.egg-info/top_level.txt
[1.769s] reading manifest file '../../build/turtle/turtle.egg-info/SOURCES.txt'
[1.769s] adding license file 'LICENSE'
[1.772s] writing manifest file '../../build/turtle/turtle.egg-info/SOURCES.txt'
[1.772s] running build
[1.773s] running build_py
[1.773s] running install
[1.779s] running install_lib
[1.801s] running install_data
[1.802s] running install_egg_info
[1.826s] removing '/home/antonio/Desktop/ros_turtlesim/install/turtle/lib/python3.12/site-packages/turtle-0.0.0-py3.12.egg-info' (and everything under it)
[1.827s] Copying ../../build/turtle/turtle.egg-info to /home/antonio/Desktop/ros_turtlesim/install/turtle/lib/python3.12/site-packages/turtle-0.0.0-py3.12.egg-info
[1.827s] running install_scripts
[2.020s] Installing turtle_draw script to /home/antonio/Desktop/ros_turtlesim/install/turtle/lib/turtle
[2.020s] writing list of installed files to '/home/antonio/Desktop/ros_turtlesim/build/turtle/install.log'
[2.081s] Invoked command in '/home/antonio/Desktop/ros_turtlesim/src/turtle' returned '0': DEBUGINFOD_URLS=https://debuginfod.ubuntu.com PYTHONPATH=/home/antonio/Desktop/ros_turtlesim/build/turtle/prefix_override:/usr/lib/python3/dist-packages/colcon_core/task/python/colcon_distutils_commands:/home/antonio/Desktop/ros_turtlesim/install/turtle/lib/python3.12/site-packages:${PYTHONPATH} /usr/bin/python3 -W ignore:setup.py install is deprecated -W ignore:easy_install command is deprecated setup.py egg_info --egg-base ../../build/turtle build --build-base /home/antonio/Desktop/ros_turtlesim/build/turtle/build install --record /home/antonio/Desktop/ros_turtlesim/build/turtle/install.log --single-version-externally-managed install_data
