[1.042s] Invoking command in '/home/antonio/Desktop/ros_turtlesim/src/turtle': DEBUGINFOD_URLS=https://debuginfod.ubuntu.com PYTHONPATH=/home/antonio/Desktop/ros_turtlesim/build/turtle/prefix_override:/usr/lib/python3/dist-packages/colcon_core/task/python/colcon_distutils_commands:/home/antonio/Desktop/ros_turtlesim/install/turtle/lib/python3.12/site-packages:${PYTHONPATH} /usr/bin/python3 -W ignore:setup.py install is deprecated -W ignore:easy_install command is deprecated setup.py egg_info --egg-base ../../build/turtle build --build-base /home/antonio/Desktop/ros_turtlesim/build/turtle/build install --record /home/antonio/Desktop/ros_turtlesim/build/turtle/install.log --single-version-externally-managed install_data
[1.340s] running egg_info
[1.383s] writing ../../build/turtle/turtle.egg-info/PKG-INFO
[1.384s] writing dependency_links to ../../build/turtle/turtle.egg-info/dependency_links.txt
[1.384s] writing entry points to ../../build/turtle/turtle.egg-info/entry_points.txt
[1.384s] writing requirements to ../../build/turtle/turtle.egg-info/requires.txt
[1.384s] writing top-level names to ../../build/turtle/turtle.egg-info/top_level.txt
[1.431s] reading manifest file '../../build/turtle/turtle.egg-info/SOURCES.txt'
[1.431s] adding license file 'LICENSE'
[1.431s] writing manifest file '../../build/turtle/turtle.egg-info/SOURCES.txt'
[1.431s] running build
[1.431s] running build_py
[1.432s] running install
[1.439s] running install_lib
[1.465s] running install_data
[1.465s] copying resource/points.json -> /home/antonio/Desktop/ros_turtlesim/install/turtle/share/turtle
[1.465s] running install_egg_info
[1.517s] removing '/home/antonio/Desktop/ros_turtlesim/install/turtle/lib/python3.12/site-packages/turtle-0.0.0-py3.12.egg-info' (and everything under it)
[1.518s] Copying ../../build/turtle/turtle.egg-info to /home/antonio/Desktop/ros_turtlesim/install/turtle/lib/python3.12/site-packages/turtle-0.0.0-py3.12.egg-info
[1.521s] running install_scripts
[1.675s] Installing turtle_draw script to /home/antonio/Desktop/ros_turtlesim/install/turtle/lib/turtle
[1.677s] writing list of installed files to '/home/antonio/Desktop/ros_turtlesim/build/turtle/install.log'
[1.736s] Invoked command in '/home/antonio/Desktop/ros_turtlesim/src/turtle' returned '0': DEBUGINFOD_URLS=https://debuginfod.ubuntu.com PYTHONPATH=/home/antonio/Desktop/ros_turtlesim/build/turtle/prefix_override:/usr/lib/python3/dist-packages/colcon_core/task/python/colcon_distutils_commands:/home/antonio/Desktop/ros_turtlesim/install/turtle/lib/python3.12/site-packages:${PYTHONPATH} /usr/bin/python3 -W ignore:setup.py install is deprecated -W ignore:easy_install command is deprecated setup.py egg_info --egg-base ../../build/turtle build --build-base /home/antonio/Desktop/ros_turtlesim/build/turtle/build install --record /home/antonio/Desktop/ros_turtlesim/build/turtle/install.log --single-version-externally-managed install_data
